2024.06.06 17:21:15 INFO  Started: Metals version 1.3.1 in folders '/Users/sounmu/Documents/COSE215' for client Visual Studio Code 1.89.1.
SLF4J(W): Class path contains multiple SLF4J providers.
SLF4J(W): Found provider [scribe.slf4j.ScribeServiceProvider@58bd2b60]
SLF4J(W): Found provider [ch.qos.logback.classic.spi.LogbackServiceProvider@6d7bc14]
SLF4J(W): See https://www.slf4j.org/codes.html#multiple_bindings for an explanation.
SLF4J(I): Actual provider is of type [scribe.slf4j.ScribeServiceProvider@58bd2b60]
2024.06.06 17:21:15 WARN  Flyway upgrade recommended: H2 2.2.224 is newer than this version of Flyway and support has not been tested. The latest supported version of H2 is 2.2.220.
2024.06.06 17:21:16 INFO  skipping build import with status 'Dismissed'
2024.06.06 17:21:16 INFO  no build target found for /Users/sounmu/Documents/COSE215/equiv-cfg-pda/src/main/scala/kuplrg/Implementation.scala. Using presentation compiler with project's scala-library version: 3.3.3
2024.06.06 17:21:16 INFO  no build target found for /Users/sounmu/Documents/COSE215/tm-examples/src/main/scala/kuplrg/Implementation.scala. Using presentation compiler with project's scala-library version: 3.3.3
2024.06.06 17:21:17 INFO  no build target found for /Users/sounmu/Documents/COSE215/tm-examples/src/main/scala/kuplrg/Implementation.scala. Using presentation compiler with project's scala-library version: 3.3.3
2024.06.06 17:21:17 INFO  no build target found for /Users/sounmu/Documents/COSE215/tm-examples/src/main/scala/kuplrg/Implementation.scala. Using presentation compiler with project's scala-library version: 3.3.3
2024.06.06 17:21:17 INFO  no build target found for /Users/sounmu/Documents/COSE215/tm-examples/src/main/scala/kuplrg/Implementation.scala. Using presentation compiler with project's scala-library version: 3.3.3
6월 06, 2024 5:21:18 오후 scala.meta.internal.pc.CompilerAccess handleError
심각: A severe compiler error occurred, full details of the error can be found in the error report /Users/sounmu/Documents/COSE215/.metals/.reports/metals-full/2024-06-06/r_compiler-error_17-21-18-568.md
2024.06.06 17:21:18 INFO  no build target found for /Users/sounmu/Documents/COSE215/tm-examples/src/main/scala/kuplrg/Implementation.scala. Using presentation compiler with project's scala-library version: 3.3.3
2024.06.06 17:21:18 INFO  no build target found for /Users/sounmu/Documents/COSE215/tm-examples/src/main/scala/kuplrg/TM.scala. Using presentation compiler with project's scala-library version: 3.3.3
2024.06.06 17:24:05 INFO  no build target found for /Users/sounmu/Documents/COSE215/tm-examples/src/main/scala/kuplrg/Implementation.scala. Using presentation compiler with project's scala-library version: 3.3.3
2024.06.07 10:35:25 INFO  no build target found for /Users/sounmu/Documents/COSE215/tm-examples/src/main/scala/kuplrg/Implementation.scala. Using presentation compiler with project's scala-library version: 3.3.3
2024.06.07 10:35:25 WARN  no build target for: /Users/sounmu/Documents/COSE215/tm-examples/src/main/scala/kuplrg/Implementation.scala
2024.06.07 10:35:25 INFO  no build target found for /Users/sounmu/Documents/COSE215/tm-examples/src/main/scala/kuplrg/Implementation.scala. Using presentation compiler with project's scala-library version: 3.3.3
2024.06.07 10:35:44 INFO  no build target found for /Users/sounmu/Documents/COSE215/tm-examples/src/main/scala/kuplrg/Implementation.scala. Using presentation compiler with project's scala-library version: 3.3.3
2024.06.10 12:55:33 INFO  no build target found for /Users/sounmu/Documents/COSE215/tm-examples/src/main/scala/kuplrg/Implementation.scala. Using presentation compiler with project's scala-library version: 3.3.3
2024.06.10 12:55:33 INFO  no build target found for /Users/sounmu/Documents/COSE215/tm-examples/src/main/scala/kuplrg/Implementation.scala. Using presentation compiler with project's scala-library version: 3.3.3
2024.06.10 12:55:33 INFO  no build target found for /Users/sounmu/Documents/COSE215/tm-examples/src/main/scala/kuplrg/Implementation.scala. Using presentation compiler with project's scala-library version: 3.3.3
2024.06.10 12:55:33 INFO  no build target found for /Users/sounmu/Documents/COSE215/tm-examples/src/main/scala/kuplrg/Implementation.scala. Using presentation compiler with project's scala-library version: 3.3.3
2024.06.10 12:55:34 INFO  no build target found for /Users/sounmu/Documents/COSE215/tm-examples/src/main/scala/kuplrg/Implementation.scala. Using presentation compiler with project's scala-library version: 3.3.3
2024.06.10 12:55:35 INFO  no build target found for /Users/sounmu/Documents/COSE215/tm-examples/src/main/scala/kuplrg/Implementation.scala. Using presentation compiler with project's scala-library version: 3.3.3
2024.06.10 12:55:38 INFO  no build target found for /Users/sounmu/Documents/COSE215/tm-examples/src/main/scala/kuplrg/Implementation.scala. Using presentation compiler with project's scala-library version: 3.3.3
2024.06.10 12:55:38 INFO  no build target found for /Users/sounmu/Documents/COSE215/equiv-cfg-pda/src/main/scala/kuplrg/PDA.scala. Using presentation compiler with project's scala-library version: 3.3.3
6월 10, 2024 12:55:38 오후 org.eclipse.lsp4j.jsonrpc.RemoteEndpoint handleCancellation
경고: Unmatched cancel notification for request id 66
2024.06.10 12:55:38 INFO  no build target found for /Users/sounmu/Documents/COSE215/equiv-cfg-pda/src/main/scala/kuplrg/PDA.scala. Using presentation compiler with project's scala-library version: 3.3.3
2024.06.10 12:55:38 INFO  no build target found for /Users/sounmu/Documents/COSE215/equiv-cfg-pda/src/main/scala/kuplrg/PDA.scala. Using presentation compiler with project's scala-library version: 3.3.3
2024.06.10 13:24:11 INFO  Shutting down server
2024.06.10 13:24:11 INFO  shutting down Metals
2024.06.10 13:24:11 INFO  Exiting server
2024.06.13 20:38:49 INFO  Started: Metals version 1.3.1 in folders '/Users/sounmu/Documents/COSE215' for client Visual Studio Code 1.90.0.
SLF4J(W): Class path contains multiple SLF4J providers.
SLF4J(W): Found provider [scribe.slf4j.ScribeServiceProvider@20145169]
SLF4J(W): Found provider [ch.qos.logback.classic.spi.LogbackServiceProvider@3195dcb6]
SLF4J(W): See https://www.slf4j.org/codes.html#multiple_bindings for an explanation.
SLF4J(I): Actual provider is of type [scribe.slf4j.ScribeServiceProvider@20145169]
2024.06.13 20:38:49 WARN  Flyway upgrade recommended: H2 2.2.224 is newer than this version of Flyway and support has not been tested. The latest supported version of H2 is 2.2.220.
2024.06.13 20:38:49 INFO  no build target found for /Users/sounmu/Documents/COSE215/equiv-cfg-pda/src/main/scala/kuplrg/PDA.scala. Using presentation compiler with project's scala-library version: 3.3.3
2024.06.13 20:38:50 INFO  skipping build import with status 'Dismissed'
2024.06.13 20:38:50 INFO  no build target found for /Users/sounmu/Documents/COSE215/equiv-cfg-pda/src/main/scala/kuplrg/PDA.scala. Using presentation compiler with project's scala-library version: 3.3.3
2024.06.13 20:38:52 INFO  no build target found for /Users/sounmu/Documents/COSE215/equiv-cfg-pda/src/main/scala/kuplrg/PDA.scala. Using presentation compiler with project's scala-library version: 3.3.3
2024.06.13 20:38:52 INFO  no build target found for /Users/sounmu/Documents/COSE215/equiv-cfg-pda/src/main/scala/kuplrg/PDA.scala. Using presentation compiler with project's scala-library version: 3.3.3
6월 13, 2024 8:38:52 오후 org.eclipse.lsp4j.jsonrpc.RemoteEndpoint handleCancellation
경고: Unmatched cancel notification for request id 10
6월 13, 2024 8:38:52 오후 org.eclipse.lsp4j.jsonrpc.RemoteEndpoint handleCancellation
경고: Unmatched cancel notification for request id 11
2024.06.13 20:39:30 INFO  no build target found for /Users/sounmu/Documents/COSE215/equiv-cfg-pda/src/main/scala/kuplrg/PDA.scala. Using presentation compiler with project's scala-library version: 3.3.3
2024.06.13 20:39:30 INFO  no build target found for /Users/sounmu/Documents/COSE215/equiv-cfg-pda/src/main/scala/kuplrg/PDA.scala. Using presentation compiler with project's scala-library version: 3.3.3
2024.06.13 20:39:31 INFO  no build target found for /Users/sounmu/Documents/COSE215/equiv-cfg-pda/src/main/scala/kuplrg/PDA.scala. Using presentation compiler with project's scala-library version: 3.3.3
2024.06.13 20:39:43 INFO  no build target found for /Users/sounmu/Documents/COSE215/equiv-cfg-pda/src/main/scala/kuplrg/PDA.scala. Using presentation compiler with project's scala-library version: 3.3.3
2024.06.13 20:39:44 INFO  no build target found for /Users/sounmu/Documents/COSE215/tm-examples/src/main/scala/kuplrg/Implementation.scala. Using presentation compiler with project's scala-library version: 3.3.3
2024.06.13 20:39:43 INFO  no build target found for /Users/sounmu/Documents/COSE215/equiv-cfg-pda/src/main/scala/kuplrg/PDA.scala. Using presentation compiler with project's scala-library version: 3.3.3
2024.06.13 20:39:43 INFO  no build target found for /Users/sounmu/Documents/COSE215/tm-examples/src/main/scala/kuplrg/Implementation.scala. Using presentation compiler with project's scala-library version: 3.3.3
2024.06.13 20:39:44 INFO  no build target found for /Users/sounmu/Documents/COSE215/tm-examples/src/main/scala/kuplrg/Implementation.scala. Using presentation compiler with project's scala-library version: 3.3.3
2024.06.13 20:39:55 INFO  no build target found for /Users/sounmu/Documents/COSE215/tm-examples/src/main/scala/kuplrg/Implementation.scala. Using presentation compiler with project's scala-library version: 3.3.3
2024.06.13 20:39:56 INFO  no build target found for /Users/sounmu/Documents/COSE215/tm-examples/src/main/scala/kuplrg/Implementation.scala. Using presentation compiler with project's scala-library version: 3.3.3
2024.06.13 20:39:58 INFO  no build target found for /Users/sounmu/Documents/COSE215/tm-examples/src/main/scala/kuplrg/Implementation.scala. Using presentation compiler with project's scala-library version: 3.3.3
2024.06.13 20:40:00 INFO  no build target found for /Users/sounmu/Documents/COSE215/tm-examples/src/main/scala/kuplrg/Implementation.scala. Using presentation compiler with project's scala-library version: 3.3.3
2024.06.13 20:40:00 INFO  no build target found for /Users/sounmu/Documents/COSE215/tm-examples/src/main/scala/kuplrg/Implementation.scala. Using presentation compiler with project's scala-library version: 3.3.3
2024.06.13 20:40:00 INFO  no build target found for /Users/sounmu/Documents/COSE215/tm-examples/src/main/scala/kuplrg/Implementation.scala. Using presentation compiler with project's scala-library version: 3.3.3
2024.06.13 20:40:05 INFO  no build target found for /Users/sounmu/Documents/COSE215/tm-examples/src/main/scala/kuplrg/Implementation.scala. Using presentation compiler with project's scala-library version: 3.3.3
2024.06.13 20:40:13 INFO  Shutting down server
2024.06.13 20:40:13 INFO  shutting down Metals
2024.06.13 20:40:13 INFO  Exiting server
